[debug] [2017-10-19T19:54:43.429Z] ----------------------------------------------------------------------
[debug] [2017-10-19T19:54:43.433Z] Command:       C:\Program Files\nodejs\node.exe C:\Users\Kyle\AppData\Roaming\npm\node_modules\firebase-tools\bin\firebase deploy
[debug] [2017-10-19T19:54:43.433Z] CLI Version:   3.12.0
[debug] [2017-10-19T19:54:43.433Z] Platform:      win32
[debug] [2017-10-19T19:54:43.433Z] Node Version:  v6.11.2
[debug] [2017-10-19T19:54:43.434Z] Time:          Thu Oct 19 2017 15:54:43 GMT-0400 (Eastern Daylight Time)
[debug] [2017-10-19T19:54:43.434Z] ----------------------------------------------------------------------
[debug] 
[debug] [2017-10-19T19:54:43.493Z] > command requires scopes: ["email","openid","https://www.googleapis.com/auth/cloudplatformprojects.readonly","https://www.googleapis.com/auth/firebase","https://www.googleapis.com/auth/cloud-platform"]
[debug] [2017-10-19T19:54:43.494Z] > authorizing via signed-in user
[debug] [2017-10-19T19:54:43.497Z] > refreshing access token with scopes: ["email","https://www.googleapis.com/auth/cloud-platform","https://www.googleapis.com/auth/cloudplatformprojects.readonly","https://www.googleapis.com/auth/firebase","openid"]
[debug] [2017-10-19T19:54:43.497Z] >>> HTTP REQUEST POST https://www.googleapis.com/oauth2/v3/token { refresh_token: '1/s-PLSnaaeydq9PhktGXnbNdVyQTTP-aZWfj1hk81lV4',
  client_id: '563584335869-fgrhgmd47bqnekij5i8b5pr03ho849e6.apps.googleusercontent.com',
  client_secret: 'j9iVZfS8kkCEFUPaAeJV0sAi',
  grant_type: 'refresh_token',
  scope: 'email https://www.googleapis.com/auth/cloud-platform https://www.googleapis.com/auth/cloudplatformprojects.readonly https://www.googleapis.com/auth/firebase openid' } 
 Thu Oct 19 2017 15:54:43 GMT-0400 (Eastern Daylight Time)
[debug] [2017-10-19T19:54:43.764Z] <<< HTTP RESPONSE 200
[debug] [2017-10-19T19:54:43.786Z] >>> HTTP REQUEST GET https://admin.firebase.com/v1/projects/ist440w-54b68  
 Thu Oct 19 2017 15:54:43 GMT-0400 (Eastern Daylight Time)
[debug] [2017-10-19T19:54:44.480Z] <<< HTTP RESPONSE 200
[debug] [2017-10-19T19:54:44.481Z] >>> HTTP REQUEST GET https://admin.firebase.com/v1/database/ist440w-54b68/tokens  
 Thu Oct 19 2017 15:54:44 GMT-0400 (Eastern Daylight Time)
[debug] [2017-10-19T19:54:45.066Z] <<< HTTP RESPONSE 200
